<?xml version="1.0" encoding="UTF-8" standalone="no"?>
<testsuite errors="0" failures="1" name="io.cucumber.core.plugin.JUnitFormatter" skipped="0" tests="4" time="109.235">
    <testcase classname="Fatura Ödemesi (Staff)" name="Hastanin fatura olusturabilmesi icin durumu Doktor tarafindan tamamlandi (Completed) olmasi gerekir" time="22.466">
        <system-out>
            <![CDATA[Given USyirmiuc Doktor Medunna adresine gider...............................passed
When USyirmiuc Doktor Sing in simgesine tiklar..............................passed
And USyirmiuc Doktor Sing in e tiklar.......................................passed
And USyirmiuc Doktor Username girer.........................................passed
And USyirmiuc Doktor Password girer.........................................passed
And USyirmiuc Doktor Sing in butonuna tiklar................................passed
And USyirmiuc Doktor My Page butonuna tiklar................................passed
And USyirmiuc Doktor My Page sekmesinden My Appointments butonuna tiklar....passed
And USyirmiuc Doktor islemleri tamamlanan hastasi icin Edit butonuna tiklar.passed
And USyirmiuc Kullanici 3 saniye bekler.....................................passed
And USyirmiuc Doktor status u Completed olarak secer........................passed
And USyirmiuc Doktor Save butonuna tiklar...................................passed
And USyirmiuc Kullanici 3 saniye bekler.....................................passed
And USyirmiuc Status u Completed olarak degistigini dogrular................passed
And USyirmiuc sayfayi kapatir...............................................passed
]]>
        </system-out>
    </testcase>
    <testcase classname="Fatura Ödemesi (Staff)" name="Personelin fatura olusturabilmesi icin statusunun personel tarafindan Cancelled olarak ayarlanmasi gerekir" time="44.458">
        <failure message="no such element: Unable to locate element: {&quot;method&quot;:&quot;xpath&quot;,&quot;selector&quot;:&quot;//*[contains(@href,'/appointment-update/365563')]&quot;}&#10;  (Session info: chrome=108.0.5359.98)&#10;For documentation on this error, please visit: https://selenium.dev/exceptions/#no_such_element&#10;Build info: version: '4.1.2', revision: '9a5a329c5a'&#10;System info: host: 'DESKTOP-87DDEGE', ip: '192.168.0.31', os.name: 'Windows 10', os.arch: 'amd64', os.version: '10.0', java.version: '11.0.17'&#10;Driver info: org.openqa.selenium.chrome.ChromeDriver&#10;Command: [730eccc44e2fc4de52b4954d835750a6, findElement {using=xpath, value=//*[contains(@href,'/appointment-update/365563')]}]&#10;Capabilities {acceptInsecureCerts: false, browserName: chrome, browserVersion: 108.0.5359.98, chrome: {chromedriverVersion: 108.0.5359.71 (1e0e3868ee06..., userDataDir: C:\Users\ENGN~1\AppData\Loc...}, goog:chromeOptions: {debuggerAddress: localhost:56679}, javascriptEnabled: true, networkConnectionEnabled: false, pageLoadStrategy: normal, platform: WINDOWS, platformName: WINDOWS, proxy: Proxy(), se:cdp: ws://localhost:56679/devtoo..., se:cdpVersion: 108.0.5359.98, setWindowRect: true, strictFileInteractability: false, timeouts: {implicit: 0, pageLoad: 300000, script: 30000}, unhandledPromptBehavior: dismiss and notify, webauthn:extension:credBlob: true, webauthn:extension:largeBlob: true, webauthn:virtualAuthenticators: true}&#10;Session ID: 730eccc44e2fc4de52b4954d835750a6" type="org.openqa.selenium.NoSuchElementException">
            <![CDATA[Given USyirmiuc Personel Medunna adresine gider.............................passed
When USyirmiuc Personel Sing in simgesine tiklar............................passed
And USyirmiuc Personel Sing in e tiklar.....................................passed
And USyirmiuc Personel Username girer.......................................passed
And USyirmiuc Personel Password girer.......................................passed
And USyirmiuc Personel Sing in butonuna tiklar..............................passed
And USyirmiuc Personel My Page sekmesine tiklar.............................passed
And USyirmiuc Personel My Page sekmesinde Search Patient sekmesine tiklar...passed
And USyirmiuc Personel Patient SSN searchbox a hastanin SSN numarasini girer.passed
And USyirmiuc Personel Show Appointments kutucugunu tiklar..................passed
And USyirmiuc Personel Cencelled olacak rendevu icin Edit e tiklar..........failed
And USyirmiuc Personel Status u Cancelled olarak ayarlar....................skipped
And USyirmiuc Personel Save buttonuna basar.................................skipped
And USyirmiuc Status u Cancelled olarak degistigini dogrular................skipped
And USyirmiuc Personel Patient SSN searchbox a hastanin SSN numarasini girer.skipped
And USyirmiuc Personel Show Appointments kutucugunu tiklar..................skipped
And USyirmiuc Statusu Cancelled olan hastada Payment Invoice Process  olmadigini dogrula.skipped
And USyirmiuc sayfayi kapatir...............................................skipped

StackTrace:
org.openqa.selenium.NoSuchElementException: no such element: Unable to locate element: {"method":"xpath","selector":"//*[contains(@href,'/appointment-update/365563')]"}
  (Session info: chrome=108.0.5359.98)
For documentation on this error, please visit: https://selenium.dev/exceptions/#no_such_element
Build info: version: '4.1.2', revision: '9a5a329c5a'
System info: host: 'DESKTOP-87DDEGE', ip: '192.168.0.31', os.name: 'Windows 10', os.arch: 'amd64', os.version: '10.0', java.version: '11.0.17'
Driver info: org.openqa.selenium.chrome.ChromeDriver
Command: [730eccc44e2fc4de52b4954d835750a6, findElement {using=xpath, value=//*[contains(@href,'/appointment-update/365563')]}]
Capabilities {acceptInsecureCerts: false, browserName: chrome, browserVersion: 108.0.5359.98, chrome: {chromedriverVersion: 108.0.5359.71 (1e0e3868ee06..., userDataDir: C:\Users\ENGN~1\AppData\Loc...}, goog:chromeOptions: {debuggerAddress: localhost:56679}, javascriptEnabled: true, networkConnectionEnabled: false, pageLoadStrategy: normal, platform: WINDOWS, platformName: WINDOWS, proxy: Proxy(), se:cdp: ws://localhost:56679/devtoo..., se:cdpVersion: 108.0.5359.98, setWindowRect: true, strictFileInteractability: false, timeouts: {implicit: 0, pageLoad: 300000, script: 30000}, unhandledPromptBehavior: dismiss and notify, webauthn:extension:credBlob: true, webauthn:extension:largeBlob: true, webauthn:virtualAuthenticators: true}
Session ID: 730eccc44e2fc4de52b4954d835750a6
	at java.base/jdk.internal.reflect.NativeConstructorAccessorImpl.newInstance0(Native Method)
	at java.base/jdk.internal.reflect.NativeConstructorAccessorImpl.newInstance(NativeConstructorAccessorImpl.java:62)
	at java.base/jdk.internal.reflect.DelegatingConstructorAccessorImpl.newInstance(DelegatingConstructorAccessorImpl.java:45)
	at java.base/java.lang.reflect.Constructor.newInstance(Constructor.java:490)
	at org.openqa.selenium.remote.codec.w3c.W3CHttpResponseCodec.createException(W3CHttpResponseCodec.java:200)
	at org.openqa.selenium.remote.codec.w3c.W3CHttpResponseCodec.decode(W3CHttpResponseCodec.java:133)
	at org.openqa.selenium.remote.codec.w3c.W3CHttpResponseCodec.decode(W3CHttpResponseCodec.java:53)
	at org.openqa.selenium.remote.HttpCommandExecutor.execute(HttpCommandExecutor.java:184)
	at org.openqa.selenium.remote.service.DriverCommandExecutor.invokeExecute(DriverCommandExecutor.java:167)
	at org.openqa.selenium.remote.service.DriverCommandExecutor.execute(DriverCommandExecutor.java:142)
	at org.openqa.selenium.remote.RemoteWebDriver.execute(RemoteWebDriver.java:558)
	at org.openqa.selenium.remote.ElementLocation$ElementFinder$2.findElement(ElementLocation.java:162)
	at org.openqa.selenium.remote.ElementLocation.findElement(ElementLocation.java:60)
	at org.openqa.selenium.remote.RemoteWebDriver.findElement(RemoteWebDriver.java:382)
	at org.openqa.selenium.remote.RemoteWebDriver.findElement(RemoteWebDriver.java:374)
	at org.openqa.selenium.support.pagefactory.DefaultElementLocator.findElement(DefaultElementLocator.java:70)
	at org.openqa.selenium.support.pagefactory.internal.LocatingElementHandler.invoke(LocatingElementHandler.java:39)
	at com.sun.proxy.$Proxy23.getWrappedElement(Unknown Source)
	at org.openqa.selenium.remote.internal.WebElementToJsonConverter.apply(WebElementToJsonConverter.java:51)
	at java.base/java.util.stream.ReferencePipeline$3$1.accept(ReferencePipeline.java:195)
	at java.base/java.util.Spliterators$ArraySpliterator.forEachRemaining(Spliterators.java:948)
	at java.base/java.util.stream.AbstractPipeline.copyInto(AbstractPipeline.java:497)
	at java.base/java.util.stream.AbstractPipeline.wrapAndCopyInto(AbstractPipeline.java:487)
	at java.base/java.util.stream.ReduceOps$ReduceOp.evaluateSequential(ReduceOps.java:913)
	at java.base/java.util.stream.AbstractPipeline.evaluate(AbstractPipeline.java:239)
	at java.base/java.util.stream.ReferencePipeline.collect(ReferencePipeline.java:578)
	at org.openqa.selenium.remote.RemoteWebDriver.executeScript(RemoteWebDriver.java:489)
	at utilities.ReusableMethods.jsScrollClick(ReusableMethods.java:255)
	at stepDefinitions.uiSteps.US023StepDef.usyirmiucPersonelCencelledOlacakRendevuIcinEditETiklar(US023StepDef.java:157)
	at ✽.USyirmiuc Personel Cencelled olacak rendevu icin Edit e tiklar(file:///C:/Users/ENGİN/IdeaProjects/CucumberProje/src/test/resources/features/UI/US23.feature:35)
]]>
        </failure>
    </testcase>
    <testcase classname="Fatura Ödemesi (Staff)" name="Kullanıcı (Personel) Fatura Ödeme işlemine gidebilir/Kullanıcı daha sonra hastaya gönderilen faturayı görebilir" time="28.453">
        <system-out>
            <![CDATA[Given USyirmiuc Personel Medunna adresine gider.............................passed
Then USyirmiuc Personel Sing in simgesine tiklar............................passed
And USyirmiuc Personel Sing in e tiklar.....................................passed
And USyirmiuc Personel Username girer.......................................passed
And USyirmiuc Personel Password girer.......................................passed
And USyirmiuc Personel Sing in butonuna tiklar..............................passed
And USyirmiuc Personel My Page sekmesine tiklar.............................passed
And USyirmiuc Personel My Page sekmesinde Search Patient sekmesine tiklar...passed
And USyirmiuc Personel Patient SSN searchbox a hastanin SSN numarasini girer.passed
And USyirmiuc Personel Show Appointments kutucugunu tiklar..................passed
And USyirmiuc Statusu Completed olan hastada Payment Invoice Process i tiklar.passed
And USyirmiuc Personel Patment Detail i gorur...............................passed
And USyirmiuc Personel Show Invoice tiklar..................................passed
And USyirmiuc Personel hastaya gondereilen faturayi gorur...................passed
And USyirmiuc sayfayi kapatir...............................................passed
]]>
        </system-out>
    </testcase>
    <testcase classname="Fatura Ödemesi (Staff)" name="Personel hasta icin yeni bir fatura olusturabilir" time="12.914">
        <system-out>
            <![CDATA[Given USyirmiuc Personel Medunna adresine gider.............................passed
When USyirmiuc Personel Sing in simgesine tiklar............................passed
And USyirmiuc Personel Sing in e tiklar.....................................passed
And USyirmiuc Personel Username girer.......................................passed
And USyirmiuc Personel Password girer.......................................passed
And USyirmiuc Personel Sing in butonuna tiklar..............................passed
And USyirmiuc Personel My Page sekmesine tiklar.............................passed
And USyirmiuc Personel My Page sekmesinde Search Patient sekmesine tiklar...passed
And USyirmiuc Personel Patient SSN searchbox a hastanin SSN numarasini girer.passed
And USyirmiuc Personel Show Appointments kutucugunu tiklar..................passed
And USyirmiuc Statusu Completed olan hastada icin Creat Invoice butonu olmadigini dogrular.passed
And USyirmiuc sayfayi kapatir...............................................passed
]]>
        </system-out>
    </testcase>
</testsuite>
